c:\users\admin\source\repos\simpleblockchain\simpleblockchain\debug\simpleblockchain.pch
c:\users\admin\source\repos\simpleblockchain\simpleblockchain\debug\vc141.pdb
c:\users\admin\source\repos\simpleblockchain\simpleblockchain\debug\vc141.idb
c:\users\admin\source\repos\simpleblockchain\simpleblockchain\debug\stdafx.obj
c:\users\admin\source\repos\simpleblockchain\simpleblockchain\debug\simpleblockchain.obj
c:\users\admin\source\repos\simpleblockchain\simpleblockchain\debug\sha256hasher.obj
c:\users\admin\source\repos\simpleblockchain\simpleblockchain\debug\powminer.obj
c:\users\admin\source\repos\simpleblockchain\simpleblockchain\debug\miner.obj
c:\users\admin\source\repos\simpleblockchain\simpleblockchain\debug\hasher.obj
c:\users\admin\source\repos\simpleblockchain\simpleblockchain\debug\blockchain.obj
c:\users\admin\source\repos\simpleblockchain\simpleblockchain\debug\block.obj
c:\users\admin\source\repos\simpleblockchain\debug\simpleblockchain.exe
c:\users\admin\source\repos\simpleblockchain\debug\simpleblockchain.ilk
c:\users\admin\source\repos\simpleblockchain\debug\simpleblockchain.pdb
c:\users\admin\source\repos\simpleblockchain\simpleblockchain\debug\vcpkg.applocal.log
c:\users\admin\source\repos\simpleblockchain\simpleblockchain\debug\simpleblockchain.tlog\cl.command.1.tlog
c:\users\admin\source\repos\simpleblockchain\simpleblockchain\debug\simpleblockchain.tlog\cl.read.1.tlog
c:\users\admin\source\repos\simpleblockchain\simpleblockchain\debug\simpleblockchain.tlog\cl.write.1.tlog
c:\users\admin\source\repos\simpleblockchain\simpleblockchain\debug\simpleblockchain.tlog\link.command.1.tlog
c:\users\admin\source\repos\simpleblockchain\simpleblockchain\debug\simpleblockchain.tlog\link.read.1.tlog
c:\users\admin\source\repos\simpleblockchain\simpleblockchain\debug\simpleblockchain.tlog\link.write.1.tlog
c:\users\admin\source\repos\simpleblockchain\simpleblockchain\debug\simpleblockchain.tlog\simpleblockchain.write.1u.tlog
